<?xml version="1.0" encoding="UTF-8"?>
<testsuite xmlns:xsi="http://www.w3.org/2001/XMLSchema-instance" xsi:noNamespaceSchemaLocation="https://maven.apache.org/surefire/maven-surefire-plugin/xsd/surefire-test-report-3.0.xsd" version="3.0" name="org.thanhlong.mathutil.core.test.MathUtilityAdvancedTest" time="0.279" tests="5" errors="0" skipped="0" failures="0">
  <properties>
[...]
</properties>
  <testcase name="testFactorialGivenRightArgumentReturnWell(int, long)[1]" classname="org.thanhlong.mathutil.core.test.MathUtilityAdvancedTest" time="0.134"/>
  <testcase name="testFactorialGivenRightArgumentReturnWell(int, long)[2]" classname="org.thanhlong.mathutil.core.test.MathUtilityAdvancedTest" time="0.002"/>
  <testcase name="testFactorialGivenRightArgumentReturnWell(int, long)[3]" classname="org.thanhlong.mathutil.core.test.MathUtilityAdvancedTest" time="0.003"/>
  <testcase name="testFactorialGivenRightArgumentReturnWell(int, long)[4]" classname="org.thanhlong.mathutil.core.test.MathUtilityAdvancedTest" time="0.004"/>
  <testcase name="testFactorialGivenRightArgumentReturnWell(int, long)[5]" classname="org.thanhlong.mathutil.core.test.MathUtilityAdvancedTest" time="0.003"/>
</testsuite>